<?xml version="1.0" encoding="UTF-8"?>
<!-- Generated by org.testng.reporters.JUnitReportReporter -->
<testsuite hostname="yasmeena" failures="0" tests="1" name="alerttype.Alert" time="8.723" errors="0" timestamp="2024-05-14T18:48:35 EET" skipped="0">
  <testcase classname="alerttype.Alert" name="mytest" time="8.723"/>
  <system-out/>
</testsuite> <!-- alerttype.Alert -->
